<?xml version="1.0" encoding="UTF-8"?>
<testng-results ignored="0" total="1" passed="1" failed="0" skipped="0">
  <reporter-output>
  </reporter-output>
  <suite started-at="2025-04-02T18:53:30 IST" name="Default suite" finished-at="2025-04-02T18:53:34 IST" duration-ms="4878">
    <groups>
    </groups>
    <test started-at="2025-04-02T18:53:30 IST" name="Default test" finished-at="2025-04-02T18:53:34 IST" duration-ms="4878">
      <class name="com.example.RestAssured.MockTest">
        <test-method is-config="true" signature="setUp()[pri:0, instance:com.example.RestAssured.MockTest@740cae06]" started-at="2025-04-02T18:53:30 IST" name="setUp" finished-at="2025-04-02T18:53:32 IST" duration-ms="1978" status="PASS">
          <reporter-output>
          </reporter-output>
        </test-method> <!-- setUp -->
        <test-method signature="testMockingWithWireMock()[pri:0, instance:com.example.RestAssured.MockTest@740cae06]" started-at="2025-04-02T18:53:32 IST" name="testMockingWithWireMock" finished-at="2025-04-02T18:53:34 IST" duration-ms="2777" status="PASS">
          <reporter-output>
          </reporter-output>
        </test-method> <!-- testMockingWithWireMock -->
        <test-method is-config="true" signature="tearDown()[pri:0, instance:com.example.RestAssured.MockTest@740cae06]" started-at="2025-04-02T18:53:34 IST" name="tearDown" finished-at="2025-04-02T18:53:34 IST" duration-ms="29" status="PASS">
          <reporter-output>
          </reporter-output>
        </test-method> <!-- tearDown -->
      </class> <!-- com.example.RestAssured.MockTest -->
    </test> <!-- Default test -->
  </suite> <!-- Default suite -->
</testng-results>
